<?xml version="1.0" encoding="UTF-8"?>
<!-- Generated by org.testng.reporters.JUnitReportReporter -->
<testsuite skipped="0" hostname="DESKTOP-KS460FU" name="com.way2automationsitedemo.WayTwoAutomation" tests="4" failures="0" timestamp="2019-12-28T01:12:44 IST" time="43.100" errors="0">
  <testcase name="launchBrowser" time="24.705" classname="com.way2automationsitedemo.WayTwoAutomation"/>
  <testcase name="launchApplication" time="16.231" classname="com.way2automationsitedemo.WayTwoAutomation"/>
  <testcase name="signInApp" time="2.068" classname="com.way2automationsitedemo.WayTwoAutomation"/>
  <testcase name="closeBrowser" time="0.096" classname="com.way2automationsitedemo.WayTwoAutomation"/>
</testsuite> <!-- com.way2automationsitedemo.WayTwoAutomation -->
