<?xml version="1.0" encoding="UTF-8"?>
<!-- Generated by org.testng.reporters.JUnitReportReporter -->
<testsuite skipped="0" hostname="DESKTOP-KS460FU" name="com.way2automationsitedemo.WayTwoAutomation" tests="4" failures="0" timestamp="2019-12-28T21:11:20 IST" time="39.027" errors="0">
  <testcase name="launchBrowser" time="30.493" classname="com.way2automationsitedemo.WayTwoAutomation"/>
  <testcase name="launchApplication" time="4.221" classname="com.way2automationsitedemo.WayTwoAutomation"/>
  <testcase name="signInApp" time="3.706" classname="com.way2automationsitedemo.WayTwoAutomation"/>
  <testcase name="closeBrowser" time="0.607" classname="com.way2automationsitedemo.WayTwoAutomation"/>
</testsuite> <!-- com.way2automationsitedemo.WayTwoAutomation -->
